This is pdfTeX, Version 3.141592653-2.6-1.40.22 (TeX Live 2022/dev/Debian) (preloaded format=pdflatex 2023.9.19)  13 OCT 2023 08:39
entering extended mode
 restricted \write18 enabled.
 file:line:error style messages enabled.
 %&-line parsing enabled.
**/home/syarnaq/Documents/Arham/School/UOIT/3rd_Year/network_science/2assignment/Assignment2.tex
(/home/syarnaq/Documents/Arham/School/UOIT/3rd_Year/network_science/2assignment/Assignment2.tex
LaTeX2e <2021-11-15> patch level 1
L3 programming layer <2022-01-21> (/usr/share/texlive/texmf-dist/tex/latex/base/article.cls
Document Class: article 2021/10/04 v1.4n Standard LaTeX document class
(/usr/share/texlive/texmf-dist/tex/latex/base/size10.clo
File: size10.clo 2021/10/04 v1.4n Standard LaTeX file (size option)
)
\c@part=\count185
\c@section=\count186
\c@subsection=\count187
\c@subsubsection=\count188
\c@paragraph=\count189
\c@subparagraph=\count190
\c@figure=\count191
\c@table=\count192
\abovecaptionskip=\skip47
\belowcaptionskip=\skip48
\bibindent=\dimen138
) (/usr/share/texlive/texmf-dist/tex/latex/base/inputenc.sty
Package: inputenc 2021/02/14 v1.3d Input encoding file
\inpenc@prehook=\toks16
\inpenc@posthook=\toks17
) (/usr/share/texlive/texmf-dist/tex/latex/amsmath/amsmath.sty
Package: amsmath 2021/10/15 v2.17l AMS math features
\@mathmargin=\skip49

For additional information on amsmath, use the `?' option.
(/usr/share/texlive/texmf-dist/tex/latex/amsmath/amstext.sty
Package: amstext 2021/08/26 v2.01 AMS text
 (/usr/share/texlive/texmf-dist/tex/latex/amsmath/amsgen.sty
File: amsgen.sty 1999/11/30 v2.0 generic functions
\@emptytoks=\toks18
\ex@=\dimen139
)) (/usr/share/texlive/texmf-dist/tex/latex/amsmath/amsbsy.sty
Package: amsbsy 1999/11/29 v1.2d Bold Symbols
\pmbraise@=\dimen140
) (/usr/share/texlive/texmf-dist/tex/latex/amsmath/amsopn.sty
Package: amsopn 2021/08/26 v2.02 operator names
)
\inf@bad=\count193
LaTeX Info: Redefining \frac on input line 234.
\uproot@=\count194
\leftroot@=\count195
LaTeX Info: Redefining \overline on input line 399.
\classnum@=\count196
\DOTSCASE@=\count197
LaTeX Info: Redefining \ldots on input line 496.
LaTeX Info: Redefining \dots on input line 499.
LaTeX Info: Redefining \cdots on input line 620.
\Mathstrutbox@=\box50
\strutbox@=\box51
\big@size=\dimen141
LaTeX Font Info:    Redeclaring font encoding OML on input line 743.
LaTeX Font Info:    Redeclaring font encoding OMS on input line 744.
\macc@depth=\count198
\c@MaxMatrixCols=\count199
\dotsspace@=\muskip16
\c@parentequation=\count266
\dspbrk@lvl=\count267
\tag@help=\toks19
\row@=\count268
\column@=\count269
\maxfields@=\count270
\andhelp@=\toks20
\eqnshift@=\dimen142
\alignsep@=\dimen143
\tagshift@=\dimen144
\tagwidth@=\dimen145
\totwidth@=\dimen146
\lineht@=\dimen147
\@envbody=\toks21
\multlinegap=\skip50
\multlinetaggap=\skip51
\mathdisplay@stack=\toks22
LaTeX Info: Redefining \[ on input line 2938.
LaTeX Info: Redefining \] on input line 2939.
) (/usr/share/texlive/texmf-dist/tex/latex/amsfonts/amssymb.sty
Package: amssymb 2013/01/14 v3.01 AMS font symbols
 (/usr/share/texlive/texmf-dist/tex/latex/amsfonts/amsfonts.sty
Package: amsfonts 2013/01/14 v3.01 Basic AMSFonts support
\symAMSa=\mathgroup4
\symAMSb=\mathgroup5
LaTeX Font Info:    Redeclaring math symbol \hbar on input line 98.
LaTeX Font Info:    Overwriting math alphabet `\mathfrak' in version `bold'
(Font)                  U/euf/m/n --> U/euf/b/n on input line 106.
)) (/usr/share/texlive/texmf-dist/tex/latex/amscls/amsthm.sty
Package: amsthm 2020/05/29 v2.20.6
\thm@style=\toks23
\thm@bodyfont=\toks24
\thm@headfont=\toks25
\thm@notefont=\toks26
\thm@headpunct=\toks27
\thm@preskip=\skip52
\thm@postskip=\skip53
\thm@headsep=\skip54
\dth@everypar=\toks28
) (/usr/share/texlive/texmf-dist/tex/latex/cancel/cancel.sty
Package: cancel 2013/04/12 v2.2 Cancel math terms
) (/usr/share/texlive/texmf-dist/tex/latex/enumitem/enumitem.sty
Package: enumitem 2019/06/20 v3.9 Customized lists
\enitkv@toks@=\toks29
\labelindent=\skip55
\enit@outerparindent=\dimen148
\enit@toks=\toks30
\enit@inbox=\box52
\enit@count@id=\count271
\enitdp@description=\count272
) (/usr/share/texlive/texmf-dist/tex/latex/caption/caption.sty
Package: caption 2020/10/26 v3.5g Customizing captions (AR)
 (/usr/share/texlive/texmf-dist/tex/latex/caption/caption3.sty
Package: caption3 2020/10/21 v2.2e caption3 kernel (AR)
 (/usr/share/texlive/texmf-dist/tex/latex/graphics/keyval.sty
Package: keyval 2014/10/28 v1.15 key=value parser (DPC)
\KV@toks@=\toks31
)
\captionmargin=\dimen149
\captionmargin@=\dimen150
\captionwidth=\dimen151
\caption@tempdima=\dimen152
\caption@indent=\dimen153
\caption@parindent=\dimen154
\caption@hangindent=\dimen155
Package caption Info: Standard document class detected.
)
\c@caption@flags=\count273
\c@continuedfloat=\count274
) (/usr/share/texlive/texmf-dist/tex/latex/graphics/graphicx.sty
Package: graphicx 2021/09/16 v1.2d Enhanced LaTeX Graphics (DPC,SPQR)
 (/usr/share/texlive/texmf-dist/tex/latex/graphics/graphics.sty
Package: graphics 2021/03/04 v1.4d Standard LaTeX Graphics (DPC,SPQR)
 (/usr/share/texlive/texmf-dist/tex/latex/graphics/trig.sty
Package: trig 2021/08/11 v1.11 sin cos tan (DPC)
) (/usr/share/texlive/texmf-dist/tex/latex/graphics-cfg/graphics.cfg
File: graphics.cfg 2016/06/04 v1.11 sample graphics configuration
)
Package graphics Info: Driver file: pdftex.def on input line 107.
 (/usr/share/texlive/texmf-dist/tex/latex/graphics-def/pdftex.def
File: pdftex.def 2020/10/05 v1.2a Graphics/color driver for pdftex
))
\Gin@req@height=\dimen156
\Gin@req@width=\dimen157
) (/usr/share/texlive/texmf-dist/tex/latex/geometry/geometry.sty
Package: geometry 2020/01/02 v5.9 Page Geometry
 (/usr/share/texlive/texmf-dist/tex/generic/iftex/ifvtex.sty
Package: ifvtex 2019/10/25 v1.7 ifvtex legacy package. Use iftex instead.
 (/usr/share/texlive/texmf-dist/tex/generic/iftex/iftex.sty
Package: iftex 2020/03/06 v1.0d TeX engine tests
))
\Gm@cnth=\count275
\Gm@cntv=\count276
\c@Gm@tempcnt=\count277
\Gm@bindingoffset=\dimen158
\Gm@wd@mp=\dimen159
\Gm@odd@mp=\dimen160
\Gm@even@mp=\dimen161
\Gm@layoutwidth=\dimen162
\Gm@layoutheight=\dimen163
\Gm@layouthoffset=\dimen164
\Gm@layoutvoffset=\dimen165
\Gm@dimlist=\toks32
) (/usr/share/texlive/texmf-dist/tex/latex/l3backend/l3backend-pdftex.def
File: l3backend-pdftex.def 2022-01-12 L3 backend support: PDF output (pdfTeX)
\l__color_backend_stack_int=\count278
\l__pdf_internal_box=\box53
) (./Assignment2.aux)
\openout1 = `Assignment2.aux'.

LaTeX Font Info:    Checking defaults for OML/cmm/m/it on input line 19.
LaTeX Font Info:    ... okay on input line 19.
LaTeX Font Info:    Checking defaults for OMS/cmsy/m/n on input line 19.
LaTeX Font Info:    ... okay on input line 19.
LaTeX Font Info:    Checking defaults for OT1/cmr/m/n on input line 19.
LaTeX Font Info:    ... okay on input line 19.
LaTeX Font Info:    Checking defaults for T1/cmr/m/n on input line 19.
LaTeX Font Info:    ... okay on input line 19.
LaTeX Font Info:    Checking defaults for TS1/cmr/m/n on input line 19.
LaTeX Font Info:    ... okay on input line 19.
LaTeX Font Info:    Checking defaults for OMX/cmex/m/n on input line 19.
LaTeX Font Info:    ... okay on input line 19.
LaTeX Font Info:    Checking defaults for U/cmr/m/n on input line 19.
LaTeX Font Info:    ... okay on input line 19.
Package caption Info: Begin \AtBeginDocument code.
Package caption Info: End \AtBeginDocument code.
 (/usr/share/texlive/texmf-dist/tex/context/base/mkii/supp-pdf.mkii
[Loading MPS to PDF converter (version 2006.09.02).]
\scratchcounter=\count279
\scratchdimen=\dimen166
\scratchbox=\box54
\nofMPsegments=\count280
\nofMParguments=\count281
\everyMPshowfont=\toks33
\MPscratchCnt=\count282
\MPscratchDim=\dimen167
\MPnumerator=\count283
\makeMPintoPDFobject=\count284
\everyMPtoPDFconversion=\toks34
) (/usr/share/texlive/texmf-dist/tex/latex/epstopdf-pkg/epstopdf-base.sty
Package: epstopdf-base 2020-01-24 v2.11 Base part for package epstopdf
Package epstopdf-base Info: Redefining graphics rule for `.eps' on input line 485.
 (/usr/share/texlive/texmf-dist/tex/latex/latexconfig/epstopdf-sys.cfg
File: epstopdf-sys.cfg 2010/07/13 v1.3 Configuration of (r)epstopdf for TeX Live
))
*geometry* driver: auto-detecting
*geometry* detected driver: pdftex
*geometry* verbose mode - [ preamble ] result:
* driver: pdftex
* paper: <default>
* layout: <same size as paper>
* layoutoffset:(h,v)=(0.0pt,0.0pt)
* modes: 
* h-part:(L,W,R)=(72.26999pt, 469.75502pt, 72.26999pt)
* v-part:(T,H,B)=(36.135pt, 722.7pt, 36.135pt)
* \paperwidth=614.295pt
* \paperheight=794.96999pt
* \textwidth=469.75502pt
* \textheight=722.7pt
* \oddsidemargin=0.0pt
* \evensidemargin=0.0pt
* \topmargin=-73.135pt
* \headheight=12.0pt
* \headsep=25.0pt
* \topskip=10.0pt
* \footskip=30.0pt
* \marginparwidth=65.0pt
* \marginparsep=11.0pt
* \columnsep=10.0pt
* \skip\footins=9.0pt plus 4.0pt minus 2.0pt
* \hoffset=0.0pt
* \voffset=0.0pt
* \mag=1000
* \@twocolumnfalse
* \@twosidefalse
* \@mparswitchfalse
* \@reversemarginfalse
* (1in=72.27pt=25.4mm, 1cm=28.453pt)

LaTeX Font Info:    Trying to load font information for U+msa on input line 21.
(/usr/share/texlive/texmf-dist/tex/latex/amsfonts/umsa.fd
File: umsa.fd 2013/01/14 v3.01 AMS symbols A
)
LaTeX Font Info:    Trying to load font information for U+msb on input line 21.
 (/usr/share/texlive/texmf-dist/tex/latex/amsfonts/umsb.fd
File: umsb.fd 2013/01/14 v3.01 AMS symbols B
)
Overfull \hbox (59.90471pt too wide) detected at line 65
[]
 []


Overfull \hbox (44.03749pt too wide) in paragraph at lines 55--68
[][] 
 []

[1

{/var/lib/texmf/fonts/map/pdftex/updmap/pdftex.map}]
Underfull \hbox (badness 10000) in paragraph at lines 148--152

 []

[2]
Underfull \hbox (badness 10000) in paragraph at lines 247--255

 []


Underfull \hbox (badness 10000) in paragraph at lines 256--258

 []


Underfull \hbox (badness 10000) in paragraph at lines 259--260

 []

[3]
Underfull \hbox (badness 10000) in paragraph at lines 300--309

 []


Underfull \hbox (badness 10000) in paragraph at lines 316--337

 []


Underfull \hbox (badness 10000) in paragraph at lines 316--337

 []

[4]
Underfull \hbox (badness 10000) in paragraph at lines 392--397

 []

<./4a.jpg, id=26, 1656.1875pt x 1282.7925pt>
File: ./4a.jpg Graphic file (type jpg)
<use ./4a.jpg>
Package pdftex.def Info: ./4a.jpg  used on input line 402.
(pdftex.def)             Requested size: 426.39255pt x 330.24936pt.

Overfull \hbox (45.89616pt too wide) in paragraph at lines 402--403
 [][] 
 []

[5]
Underfull \hbox (badness 10000) in paragraph at lines 407--411

 []


Underfull \hbox (badness 10000) in paragraph at lines 412--414

 []

<./4b.jpg, id=30, 1451.4225pt x 546.04pt>
File: ./4b.jpg Graphic file (type jpg)
<use ./4b.jpg>
Package pdftex.def Info: ./4b.jpg  used on input line 419.
(pdftex.def)             Requested size: 426.39255pt x 160.41385pt.

Overfull \hbox (45.89616pt too wide) in paragraph at lines 419--420
 [][] 
 []

[6 <./4a.jpg> <./4b.jpg>]
<./5a.png, id=34, 852.18375pt x 97.36375pt>
File: ./5a.png Graphic file (type png)
<use ./5a.png>
Package pdftex.def Info: ./5a.png  used on input line 440.
(pdftex.def)             Requested size: 426.39255pt x 48.71739pt.

Overfull \hbox (45.89616pt too wide) in paragraph at lines 440--441
 [][] 
 []

<./5bi.png, id=36, 862.22125pt x 152.57pt>
File: ./5bi.png Graphic file (type png)
<use ./5bi.png>
Package pdftex.def Info: ./5bi.png  used on input line 447.
(pdftex.def)             Requested size: 426.39255pt x 75.44905pt.
<./5bii.png, id=37, 742.775pt x 497.86pt>
File: ./5bii.png Graphic file (type png)
<use ./5bii.png>
Package pdftex.def Info: ./5bii.png  used on input line 448.
(pdftex.def)             Requested size: 426.39255pt x 285.80388pt.

Overfull \hbox (45.89616pt too wide) in paragraph at lines 447--449
 [][] 
 []


Overfull \hbox (45.89616pt too wide) in paragraph at lines 447--449
 [] 
 []

[7 <./5a.png> <./5bi.png> <./5bii.png>]
<./5di.png, id=45, 913.4125pt x 647.41875pt>
File: ./5di.png Graphic file (type png)
<use ./5di.png>
Package pdftex.def Info: ./5di.png  used on input line 469.
(pdftex.def)             Requested size: 426.39255pt x 302.22218pt.
<./5dii.png, id=46, 913.4125pt x 546.04pt>
File: ./5dii.png Graphic file (type png)
<use ./5dii.png>
Package pdftex.def Info: ./5dii.png  used on input line 470.
(pdftex.def)             Requested size: 426.39255pt x 254.89746pt.

Overfull \hbox (45.89616pt too wide) in paragraph at lines 469--471
 [][] 
 []


Overfull \hbox (45.89616pt too wide) in paragraph at lines 469--471
 [] 
 []

<./5diii.png, id=47, 808.01875pt x 546.04pt>
File: ./5diii.png Graphic file (type png)
<use ./5diii.png>
Package pdftex.def Info: ./5diii.png  used on input line 476.
(pdftex.def)             Requested size: 426.39255pt x 288.15004pt.

Overfull \hbox (45.89616pt too wide) in paragraph at lines 476--477
 [][] 
 []

[8 <./5di.png> <./5dii.png>]
<./5e.png, id=53, 808.01875pt x 427.5975pt>
File: ./5e.png Graphic file (type png)
<use ./5e.png>
Package pdftex.def Info: ./5e.png  used on input line 494.
(pdftex.def)             Requested size: 426.39255pt x 225.6469pt.

Overfull \hbox (45.89616pt too wide) in paragraph at lines 494--495
 [][] 
 []

<./5f.png, id=54, 933.4875pt x 371.3875pt>
File: ./5f.png Graphic file (type png)
<use ./5f.png>
Package pdftex.def Info: ./5f.png  used on input line 514.
(pdftex.def)             Requested size: 426.39255pt x 169.63893pt.

Overfull \hbox (45.89616pt too wide) in paragraph at lines 514--515
 [][] 
 []

[9 <./5diii.png> <./5e.png>]
Underfull \hbox (badness 10000) in paragraph at lines 521--524

 []


Underfull \hbox (badness 10000) in paragraph at lines 525--529

 []


Underfull \hbox (badness 10000) in paragraph at lines 530--535

 []

<./5hi1.png, id=60, 844.15375pt x 98.3675pt>
File: ./5hi1.png Graphic file (type png)
<use ./5hi1.png>
Package pdftex.def Info: ./5hi1.png  used on input line 547.
(pdftex.def)             Requested size: 426.39255pt x 49.68793pt.
<./5hi2.png, id=61, 947.54pt x 337.26pt>
File: ./5hi2.png Graphic file (type png)
<use ./5hi2.png>
Package pdftex.def Info: ./5hi2.png  used on input line 548.
(pdftex.def)             Requested size: 426.39255pt x 151.7656pt.
<./5hi3.png, id=62, 807.015pt x 518.93875pt>
File: ./5hi3.png Graphic file (type png)
<use ./5hi3.png>
Package pdftex.def Info: ./5hi3.png  used on input line 549.
(pdftex.def)             Requested size: 426.39255pt x 274.18896pt.

Overfull \hbox (45.89616pt too wide) in paragraph at lines 547--550
 [][] 
 []


Overfull \hbox (45.89616pt too wide) in paragraph at lines 547--550
 [] 
 []


Overfull \hbox (45.89616pt too wide) in paragraph at lines 547--550
 [] 
 []

[10 <./5f.png>] [11 <./5hi1.png> <./5hi2.png> <./5hi3.png>]
<./5hii1.png, id=73, 967.615pt x 320.19624pt>
File: ./5hii1.png Graphic file (type png)
<use ./5hii1.png>
Package pdftex.def Info: ./5hii1.png  used on input line 558.
(pdftex.def)             Requested size: 426.39255pt x 141.09686pt.
<./5hii2.png, id=74, 807.015pt x 520.94624pt>
File: ./5hii2.png Graphic file (type png)
<use ./5hii2.png>
Package pdftex.def Info: ./5hii2.png  used on input line 559.
(pdftex.def)             Requested size: 426.39255pt x 275.24965pt.

Overfull \hbox (45.89616pt too wide) in paragraph at lines 558--560
 [][] 
 []


Overfull \hbox (45.89616pt too wide) in paragraph at lines 558--560
 [] 
 []

[12 <./5hii1.png> <./5hii2.png>]
<./5hiii1.png, id=80, 967.615pt x 320.19624pt>
File: ./5hiii1.png Graphic file (type png)
<use ./5hiii1.png>
Package pdftex.def Info: ./5hiii1.png  used on input line 568.
(pdftex.def)             Requested size: 426.39255pt x 141.09686pt.
<./5hiii2.png, id=81, 807.015pt x 518.93875pt>
File: ./5hiii2.png Graphic file (type png)
<use ./5hiii2.png>
Package pdftex.def Info: ./5hiii2.png  used on input line 569.
(pdftex.def)             Requested size: 426.39255pt x 274.18896pt.

Overfull \hbox (45.89616pt too wide) in paragraph at lines 568--570
 [][] 
 []


Overfull \hbox (45.89616pt too wide) in paragraph at lines 568--570
 [] 
 []


Underfull \hbox (badness 10000) in paragraph at lines 574--582

 []


Underfull \hbox (badness 10000) in paragraph at lines 583--589

 []

[13 <./5hiii1.png> <./5hiii2.png>] (./Assignment2.aux) ) 
Here is how much of TeX's memory you used:
 4950 strings out of 480247
 80655 string characters out of 5896151
 396752 words of memory out of 5000000
 22842 multiletter control sequences out of 15000+600000
 478071 words of font info for 63 fonts, out of 8000000 for 9000
 14 hyphenation exceptions out of 8191
 55i,15n,63p,334b,402s stack positions out of 5000i,500n,10000p,200000b,80000s
</usr/share/texlive/texmf-dist/fonts/type1/public/amsfonts/cm/cmbx10.pfb></usr/share/texlive/texmf-dist/fonts/type1/public/amsfonts/cm/cmbx12.pfb></usr/share/texlive/texmf-dist/fonts/type1/public/amsfonts/cm/cmex10.pfb></usr/share/texlive/texmf-dist/fonts/type1/public/amsfonts/cm/cmmi10.pfb></usr/share/texlive/texmf-dist/fonts/type1/public/amsfonts/cm/cmmi7.pfb></usr/share/texlive/texmf-dist/fonts/type1/public/amsfonts/cm/cmr10.pfb></usr/share/texlive/texmf-dist/fonts/type1/public/amsfonts/cm/cmr12.pfb></usr/share/texlive/texmf-dist/fonts/type1/public/amsfonts/cm/cmr7.pfb></usr/share/texlive/texmf-dist/fonts/type1/public/amsfonts/cm/cmsy10.pfb></usr/share/texlive/texmf-dist/fonts/type1/public/amsfonts/cm/cmsy7.pfb></usr/share/texlive/texmf-dist/fonts/type1/public/amsfonts/symbols/msam10.pfb>
Output written on Assignment2.pdf (13 pages, 1298972 bytes).
PDF statistics:
 135 PDF objects out of 1000 (max. 8388607)
 65 compressed objects within 1 object stream
 0 named destinations out of 1000 (max. 500000)
 86 words of extra memory for PDF output out of 10000 (max. 10000000)

